This file contains any messages produced by compilers while
running configure, to aid debugging if configure makes a mistake.

It was created by configure, which was
generated by GNU Autoconf 2.54.  Invocation command line was

  $ ./configure --enable-maintainer-mode --enable-compile-warnings --prefix=/usr/TEST/

## --------- ##
## Platform. ##
## --------- ##

hostname = Medea
uname -m = i686
uname -r = 2.4.19
uname -s = Linux
uname -v = #5 SMP Sun Sep 29 10:06:52 CEST 2002

/usr/bin/uname -p = unknown
/bin/uname -X     = unknown

/bin/arch              = i686
/usr/bin/arch -k       = unknown
/usr/convex/getsysinfo = unknown
hostinfo               = unknown
/bin/machine           = unknown
/usr/bin/oslevel       = unknown
/bin/universe          = unknown

PATH: /bin
PATH: /sbin
PATH: /usr/bin
PATH: /usr/sbin
PATH: /usr/X11R6/bin
PATH: /usr/local/bin
PATH: /usr/local/sbin
PATH: /usr/games/


## ----------- ##
## Core tests. ##
## ----------- ##

configure:1463: checking for a BSD-compatible install
configure:1517: result: /usr/bin/install -c
configure:1528: checking whether build environment is sane
configure:1571: result: yes
configure:1586: checking whether make sets ${MAKE}
configure:1606: result: yes
configure:1638: checking for working aclocal-1.4
configure:1645: result: found
configure:1653: checking for working autoconf
configure:1660: result: found
configure:1668: checking for working automake-1.4
configure:1675: result: found
configure:1683: checking for working autoheader
configure:1690: result: found
configure:1698: checking for working makeinfo
configure:1705: result: found
configure:1722: checking for orbit-idl
configure:1740: found /usr/bin/orbit-idl
configure:1753: result: /usr/bin/orbit-idl
configure:1762: checking for glib-config
configure:1780: found /usr/bin/glib-config
configure:1793: result: /usr/bin/glib-config
configure:1802: checking for orbit-config
configure:1820: found /usr/bin/orbit-config
configure:1833: result: /usr/bin/orbit-config
configure:1842: checking for gtk-config
configure:1860: found /usr/bin/gtk-config
configure:1873: result: /usr/bin/gtk-config
configure:1882: checking for ptc-config
configure:1913: result: no
configure:1967: checking for gcc
configure:1983: found /usr/bin/gcc
configure:1993: result: gcc
configure:2235: checking for C compiler version
configure:2238: gcc --version </dev/null >&5
2.95.4
configure:2241: $? = 0
configure:2243: gcc -v </dev/null >&5
Reading specs from /usr/lib/gcc-lib/i386-linux/2.95.4/specs
gcc version 2.95.4 20011002 (Debian prerelease)
configure:2246: $? = 0
configure:2248: gcc -V </dev/null >&5
gcc: argument to `-V' is missing
configure:2251: $? = 1
configure:2271: checking for C compiler default output
configure:2274: gcc    conftest.c  >&5
configure:2277: $? = 0
configure:2311: result: a.out
configure:2316: checking whether the C compiler works
configure:2322: ./a.out
configure:2325: $? = 0
configure:2340: result: yes
configure:2347: checking whether we are cross compiling
configure:2349: result: no
configure:2352: checking for suffix of executables
configure:2354: gcc -o conftest    conftest.c  >&5
configure:2357: $? = 0
configure:2380: result: 
configure:2386: checking for suffix of object files
configure:2404: gcc -c   conftest.c >&5
configure:2407: $? = 0
configure:2426: result: o
configure:2430: checking whether we are using the GNU C compiler
configure:2451: gcc -c   conftest.c >&5
configure:2454: $? = 0
configure:2457: test -s conftest.o
configure:2460: $? = 0
configure:2472: result: yes
configure:2478: checking whether gcc accepts -g
configure:2496: gcc -c -g  conftest.c >&5
configure:2499: $? = 0
configure:2502: test -s conftest.o
configure:2505: $? = 0
configure:2515: result: yes
configure:2532: checking for gcc option to accept ANSI C
configure:2589: gcc  -c -g -O2  conftest.c >&5
configure:2592: $? = 0
configure:2595: test -s conftest.o
configure:2598: $? = 0
configure:2615: result: none needed
configure:2633: gcc -c -g -O2  conftest.c >&5
conftest.c:2: parse error before `me'
configure:2636: $? = 1
configure: failed program was:
#ifndef __cplusplus
  choke me
#endif
configure:2786: checking for g++
configure:2802: found /usr/bin/g++
configure:2812: result: g++
configure:2828: checking for C++ compiler version
configure:2831: g++ --version </dev/null >&5
2.95.4
configure:2834: $? = 0
configure:2836: g++ -v </dev/null >&5
Reading specs from /usr/lib/gcc-lib/i386-linux/2.95.4/specs
gcc version 2.95.4 20011002 (Debian prerelease)
configure:2839: $? = 0
configure:2841: g++ -V </dev/null >&5
g++: argument to `-V' missing

configure:2844: $? = 1
configure:2847: checking whether we are using the GNU C++ compiler
configure:2868: g++ -c   conftest.cc >&5
configure:2871: $? = 0
configure:2874: test -s conftest.o
configure:2877: $? = 0
configure:2889: result: yes
configure:2895: checking whether g++ accepts -g
configure:2913: g++ -c -g  conftest.cc >&5
configure:2916: $? = 0
configure:2919: test -s conftest.o
configure:2922: $? = 0
configure:2932: result: yes
configure:2972: g++ -c -g -O2  conftest.cc >&5
configure:2975: $? = 0
configure:2978: test -s conftest.o
configure:2981: $? = 0
configure:3003: g++ -c -g -O2  conftest.cc >&5
configure:3006: $? = 0
configure:3009: test -s conftest.o
configure:3012: $? = 0
configure:3106: checking build system type
configure:3124: result: i686-pc-linux-gnu
configure:3132: checking host system type
configure:3146: result: i686-pc-linux-gnu
configure:3176: checking for ld used by GCC
configure:3239: result: /usr/bin/ld
configure:3248: checking if the linker (/usr/bin/ld) is GNU ld
GNU ld version 2.13.90.0.4 20020814 Debian GNU/Linux
configure:3260: result: yes
configure:3265: checking for /usr/bin/ld option to reload object files
configure:3272: result: -r
configure:3277: checking for BSD-compatible nm
configure:3313: result: /usr/bin/nm -B
configure:3316: checking for a sed that does not truncate output
configure:3398: result: /bin/sed
configure:3401: checking whether ln -s works
configure:3405: result: yes
configure:3412: checking how to recognise dependent libraries
configure:3593: result: pass_all
configure:3606: checking command to parse /usr/bin/nm -B output
configure:3687: gcc -c -g -O2  conftest.c >&5
configure:3690: $? = 0
configure:3694: /usr/bin/nm -B conftest.o \| sed -n -e 's/^.*[ 	]\([ABCDGISTW][ABCDGISTW]*\)[ 	][ 	]*\(\)\([_A-Za-z][_A-Za-z0-9]*\)$/\1 \2\3 \3/p' \> conftest.nm
configure:3697: $? = 0
configure:3749: gcc -o conftest -g -O2   conftest.c conftstm.o >&5
configure:3752: $? = 0
configure:3796: result: ok
configure:3805: checking how to run the C preprocessor
configure:3831: gcc -E  conftest.c
configure:3837: $? = 0
configure:3864: gcc -E  conftest.c
configure:3860: ac_nonexistent.h: No such file or directory
configure:3870: $? = 1
configure: failed program was:
#line 3859 "configure"
#include "confdefs.h"
#include <ac_nonexistent.h>
configure:3907: result: gcc -E
configure:3922: gcc -E  conftest.c
configure:3928: $? = 0
configure:3955: gcc -E  conftest.c
configure:3951: ac_nonexistent.h: No such file or directory
configure:3961: $? = 1
configure: failed program was:
#line 3950 "configure"
#include "confdefs.h"
#include <ac_nonexistent.h>
configure:4001: checking for egrep
configure:4011: result: grep -E
configure:4016: checking for ANSI C header files
configure:4030: gcc -E  conftest.c
configure:4036: $? = 0
configure:4121: gcc -o conftest -g -O2   conftest.c  >&5
configure:4124: $? = 0
configure:4126: ./conftest
configure:4129: $? = 0
configure:4143: result: yes
configure:4167: checking for sys/types.h
configure:4180: gcc -c -g -O2  conftest.c >&5
configure:4183: $? = 0
configure:4186: test -s conftest.o
configure:4189: $? = 0
configure:4199: result: yes
configure:4167: checking for sys/stat.h
configure:4180: gcc -c -g -O2  conftest.c >&5
configure:4183: $? = 0
configure:4186: test -s conftest.o
configure:4189: $? = 0
configure:4199: result: yes
configure:4167: checking for stdlib.h
configure:4180: gcc -c -g -O2  conftest.c >&5
configure:4183: $? = 0
configure:4186: test -s conftest.o
configure:4189: $? = 0
configure:4199: result: yes
configure:4167: checking for string.h
configure:4180: gcc -c -g -O2  conftest.c >&5
configure:4183: $? = 0
configure:4186: test -s conftest.o
configure:4189: $? = 0
configure:4199: result: yes
configure:4167: checking for memory.h
configure:4180: gcc -c -g -O2  conftest.c >&5
configure:4183: $? = 0
configure:4186: test -s conftest.o
configure:4189: $? = 0
configure:4199: result: yes
configure:4167: checking for strings.h
configure:4180: gcc -c -g -O2  conftest.c >&5
configure:4183: $? = 0
configure:4186: test -s conftest.o
configure:4189: $? = 0
configure:4199: result: yes
configure:4167: checking for inttypes.h
configure:4180: gcc -c -g -O2  conftest.c >&5
configure:4183: $? = 0
configure:4186: test -s conftest.o
configure:4189: $? = 0
configure:4199: result: yes
configure:4167: checking for stdint.h
configure:4180: gcc -c -g -O2  conftest.c >&5
configure:4183: $? = 0
configure:4186: test -s conftest.o
configure:4189: $? = 0
configure:4199: result: yes
configure:4167: checking for unistd.h
configure:4180: gcc -c -g -O2  conftest.c >&5
configure:4183: $? = 0
configure:4186: test -s conftest.o
configure:4189: $? = 0
configure:4199: result: yes
configure:4225: checking dlfcn.h usability
configure:4234: gcc -c -g -O2  conftest.c >&5
configure:4237: $? = 0
configure:4240: test -s conftest.o
configure:4243: $? = 0
configure:4252: result: yes
configure:4256: checking dlfcn.h presence
configure:4263: gcc -E  conftest.c
configure:4269: $? = 0
configure:4287: result: yes
configure:4305: checking for dlfcn.h
configure:4312: result: yes
configure:4510: checking for ranlib
configure:4526: found /usr/bin/ranlib
configure:4537: result: ranlib
configure:4590: checking for strip
configure:4606: found /usr/bin/strip
configure:4617: result: strip
configure:4822: checking for objdir
configure:4833: result: .libs
configure:4850: checking for gcc option to produce PIC
configure:4996: result: -fPIC
configure:5000: checking if gcc PIC flag -fPIC works
configure:5020: gcc -c -g -O2 -fPIC -DPIC  conftest.c >&5
configure:5023: $? = 0
configure:5026: test -s conftest.o
configure:5029: $? = 0
configure:5066: result: yes
configure:5082: checking if gcc static flag -static works
configure:5103: gcc -o conftest -g -O2   -static conftest.c  >&5
configure:5106: $? = 0
configure:5109: test -s conftest
configure:5112: $? = 0
configure:5127: result: yes
configure:5139: checking if gcc supports -c -o file.o
configure:5161: gcc -c -g -O2 -o out/conftest2.o  conftest.c >&5
configure:5183: result: yes
configure:5188: checking if gcc supports -c -o file.lo
configure:5212: gcc -c -g -O2 -c -o conftest.lo  conftest.c >&5
configure:5215: $? = 0
configure:5218: test -s conftest.lo
configure:5221: $? = 0
configure:5242: result: yes
configure:5273: checking if gcc supports -fno-rtti -fno-exceptions
configure:5292: gcc -c -g -O2 -fno-rtti -fno-exceptions -c conftest.c  conftest.c >&5
configure:5295: $? = 0
configure:5298: test -s conftest.o
configure:5301: $? = 0
configure:5317: result: yes
configure:5328: checking whether the linker (/usr/bin/ld) supports shared libraries
configure:6020: result: yes
configure:6025: checking how to hardcode library paths into programs
configure:6049: result: immediate
configure:6054: checking whether stripping libraries is possible
configure:6059: result: yes
configure:6070: checking dynamic linker characteristics
configure:6472: result: GNU/Linux ld.so
configure:6477: checking if libtool supports shared libraries
configure:6479: result: yes
configure:6482: checking whether to build shared libraries
configure:6503: result: yes
configure:6506: checking whether to build static libraries
configure:6510: result: yes
configure:7136: checking whether -lc should be explicitly linked in
configure:7144: gcc -c -g -O2  conftest.c >&5
configure:7147: $? = 0
configure:7161: gcc -shared conftest.o  -v -Wl,-soname -Wl,conftest -o conftest 2\>\&1 \| grep  -lc  \>/dev/null 2\>\&1
configure:7164: $? = 0
configure:7177: result: no
configure:7762: checking for a BSD-compatible install
configure:7816: result: /usr/bin/install -c
configure:7945: creating ./config.status

## ---------------------- ##
## Running config.status. ##
## ---------------------- ##

This file was extended by config.status, which was
generated by GNU Autoconf 2.54.  Invocation command line was

  CONFIG_FILES    = 
  CONFIG_HEADERS  = 
  CONFIG_LINKS    = 
  CONFIG_COMMANDS = 
  $ ./config.status 

on Medea

config.status:642: creating Makefile
config.status:642: creating lib/Makefile
config.status:642: creating example/Makefile
config.status:642: creating stamp.h
config.status:746: creating config.h
config.status:953: executing default-1 commands

## ---------------- ##
## Cache variables. ##
## ---------------- ##

ac_cv_build=i686-pc-linux-gnu
ac_cv_build_alias=i686-pc-linux-gnu
ac_cv_c_compiler_gnu=yes
ac_cv_cxx_compiler_gnu=yes
ac_cv_env_CC_set=
ac_cv_env_CC_value=
ac_cv_env_CFLAGS_set=
ac_cv_env_CFLAGS_value=
ac_cv_env_CPPFLAGS_set=
ac_cv_env_CPPFLAGS_value=
ac_cv_env_CPP_set=
ac_cv_env_CPP_value=
ac_cv_env_CXXFLAGS_set=
ac_cv_env_CXXFLAGS_value=
ac_cv_env_CXX_set=
ac_cv_env_CXX_value=
ac_cv_env_LDFLAGS_set=
ac_cv_env_LDFLAGS_value=
ac_cv_env_build_alias_set=
ac_cv_env_build_alias_value=
ac_cv_env_host_alias_set=
ac_cv_env_host_alias_value=
ac_cv_env_target_alias_set=
ac_cv_env_target_alias_value=
ac_cv_exeext=
ac_cv_header_dlfcn_h=yes
ac_cv_header_inttypes_h=yes
ac_cv_header_memory_h=yes
ac_cv_header_stdc=yes
ac_cv_header_stdint_h=yes
ac_cv_header_stdlib_h=yes
ac_cv_header_string_h=yes
ac_cv_header_strings_h=yes
ac_cv_header_sys_stat_h=yes
ac_cv_header_sys_types_h=yes
ac_cv_header_unistd_h=yes
ac_cv_host=i686-pc-linux-gnu
ac_cv_host_alias=i686-pc-linux-gnu
ac_cv_objext=o
ac_cv_path_CORBA_IDL=/usr/bin/orbit-idl
ac_cv_path_GLIB_CONFIG=/usr/bin/glib-config
ac_cv_path_GTK_CONFIG=/usr/bin/gtk-config
ac_cv_path_ORBIT_CONFIG=/usr/bin/orbit-config
ac_cv_path_PTC_CONFIG=no
ac_cv_path_install='/usr/bin/install -c'
ac_cv_prog_CPP='gcc -E'
ac_cv_prog_ac_ct_CC=gcc
ac_cv_prog_ac_ct_CXX=g++
ac_cv_prog_ac_ct_RANLIB=ranlib
ac_cv_prog_ac_ct_STRIP=strip
ac_cv_prog_cc_g=yes
ac_cv_prog_cc_stdc=
ac_cv_prog_cxx_g=yes
ac_cv_prog_egrep='grep -E'
ac_cv_prog_make_make_set=yes
lt_cv_archive_cmds_need_lc=no
lt_cv_compiler_c_o=yes
lt_cv_compiler_o_lo=yes
lt_cv_deplibs_check_method=pass_all
lt_cv_file_magic_cmd='$MAGIC_CMD'
lt_cv_file_magic_test_file='/lib/libc.so.6 /lib/libc-2.2.5.so'
lt_cv_global_symbol_to_c_name_address='sed -n -e '\''s/^: \([^ ]*\) $/  {\"\1\", (lt_ptr) 0},/p'\'' -e '\''s/^[BCDEGRST] \([^ ]*\) \([^ ]*\)$/  {"\2", (lt_ptr) \&\2},/p'\'''
lt_cv_global_symbol_to_cdecl='sed -n -e '\''s/^. .* \(.*\)$/extern char \1;/p'\'''
lt_cv_ld_reload_flag=-r
lt_cv_path_LD=/usr/bin/ld
lt_cv_path_NM='/usr/bin/nm -B'
lt_cv_path_SED=/bin/sed
lt_cv_prog_cc_can_build_shared=yes
lt_cv_prog_cc_no_builtin=
lt_cv_prog_cc_pic=' -fPIC'
lt_cv_prog_cc_pic_works=yes
lt_cv_prog_cc_shlib=
lt_cv_prog_cc_static=-static
lt_cv_prog_cc_static_works=yes
lt_cv_prog_cc_wl=-Wl,
lt_cv_prog_gnu_ld=yes
lt_cv_sys_global_symbol_pipe='sed -n -e '\''s/^.*[ 	]\([ABCDGISTW][ABCDGISTW]*\)[ 	][ 	]*\(\)\([_A-Za-z][_A-Za-z0-9]*\)$/\1 \2\3 \3/p'\'''

## ----------------- ##
## Output variables. ##
## ----------------- ##

ACLOCAL='aclocal-1.4'
AUTOCONF='autoconf'
AUTOHEADER='autoheader'
AUTOMAKE='automake-1.4'
CC='gcc'
CFLAGS='-g -O2'
CHROME_AGE='0'
CHROME_CURRENT='1'
CHROME_RELEASE='1'
CHROME_REVISION='0'
CORBA_IDL='/usr/bin/orbit-idl'
CPP='gcc -E'
CPPFLAGS=''
CXX='g++'
CXXFLAGS='-g -O2'
DEFS='-DHAVE_CONFIG_H'
ECHO='echo'
ECHO_C=''
ECHO_N='-n'
ECHO_T=''
EGREP='grep -E'
EXEEXT=''
GLIB_CONFIG='/usr/bin/glib-config'
GTK_CONFIG='/usr/bin/gtk-config'
INSTALL_DATA='${INSTALL} -m 644'
INSTALL_PROGRAM='${INSTALL}'
INSTALL_SCRIPT='${INSTALL}'
LDFLAGS=''
LIBOBJS=''
LIBS=''
LIBTOOL='$(SHELL) $(top_builddir)/libtool'
LN_S='ln -s'
LTLIBOBJS=''
MAKEINFO='makeinfo'
OBJEXT='o'
ORBIT_CONFIG='/usr/bin/orbit-config'
PACKAGE='Chrome'
PACKAGE_BUGREPORT=''
PACKAGE_NAME=''
PACKAGE_STRING=''
PACKAGE_TARNAME=''
PACKAGE_VERSION=''
PATH_SEPARATOR=':'
PTC_CONFIG='no'
RANLIB='ranlib'
SET_MAKE=''
SHELL='/bin/sh'
STRIP='strip'
VERSION='1.1.0'
ac_ct_CC='gcc'
ac_ct_CXX='g++'
ac_ct_RANLIB='ranlib'
ac_ct_STRIP='strip'
bindir='${exec_prefix}/bin'
build='i686-pc-linux-gnu'
build_alias=''
build_cpu='i686'
build_os='linux-gnu'
build_vendor='pc'
datadir='${prefix}/share'
exec_prefix='${prefix}'
host='i686-pc-linux-gnu'
host_alias=''
host_cpu='i686'
host_os='linux-gnu'
host_vendor='pc'
includedir='${prefix}/include/Chrome'
infodir='${prefix}/info'
libdir='${exec_prefix}/lib'
libexecdir='${exec_prefix}/libexec'
localstatedir='${prefix}/var'
mandir='${prefix}/man'
oldincludedir='/usr/include'
prefix='/usr/TEST/'
program_transform_name='s,x,x,'
sbindir='${exec_prefix}/sbin'
sharedstatedir='${prefix}/com'
sysconfdir='${prefix}/etc'
target_alias=''

## ----------- ##
## confdefs.h. ##
## ----------- ##

#define HAVE_DLFCN_H 1
#define HAVE_INTTYPES_H 1
#define HAVE_MEMORY_H 1
#define HAVE_STDINT_H 1
#define HAVE_STDLIB_H 1
#define HAVE_STRINGS_H 1
#define HAVE_STRING_H 1
#define HAVE_SYS_STAT_H 1
#define HAVE_SYS_TYPES_H 1
#define HAVE_UNISTD_H 1
#define PACKAGE "Chrome"
#define PACKAGE_BUGREPORT ""
#define PACKAGE_NAME ""
#define PACKAGE_STRING ""
#define PACKAGE_TARNAME ""
#define PACKAGE_VERSION ""
#define STDC_HEADERS 1
#define VERSION "1.1.0"

configure: exit 0

## ---------------------- ##
## Running config.status. ##
## ---------------------- ##

This file was extended by config.status, which was
generated by GNU Autoconf 2.54.  Invocation command line was

  CONFIG_FILES    = Makefile
  CONFIG_HEADERS  = 
  CONFIG_LINKS    = 
  CONFIG_COMMANDS = 
  $ ./config.status 

on Daphnia

config.status:642: creating Makefile
config.status:953: executing default-1 commands

## ---------------------- ##
## Running config.status. ##
## ---------------------- ##

This file was extended by config.status, which was
generated by GNU Autoconf 2.54.  Invocation command line was

  CONFIG_FILES    = lib/Makefile
  CONFIG_HEADERS  = 
  CONFIG_LINKS    = 
  CONFIG_COMMANDS = 
  $ ./config.status 

on Daphnia

config.status:642: creating lib/Makefile
config.status:953: executing default-1 commands
